0:0:0:0:0:0:0:1 - - [01/Dec/2015:11:15:22 -0500] "GET / HTTP/1.1" 302 -
0:0:0:0:0:0:0:1 - - [01/Dec/2015:11:15:23 -0500] "GET /login HTTP/1.1" 200 2272
0:0:0:0:0:0:0:1 - - [01/Dec/2015:11:15:23 -0500] "GET /css/prettify/prettify.css HTTP/1.1" 304 -
0:0:0:0:0:0:0:1 - - [01/Dec/2015:11:15:23 -0500] "GET /css/octicons/octicons.css HTTP/1.1" 304 -
0:0:0:0:0:0:0:1 - - [01/Dec/2015:11:15:23 -0500] "GET /css/ui.fancytree.css HTTP/1.1" 304 -
0:0:0:0:0:0:0:1 - - [01/Dec/2015:11:15:23 -0500] "GET /css/style.css HTTP/1.1" 304 -
0:0:0:0:0:0:0:1 - - [01/Dec/2015:11:15:23 -0500] "GET /css/font-awesome.min.css HTTP/1.1" 304 -
0:0:0:0:0:0:0:1 - - [01/Dec/2015:11:15:23 -0500] "GET /css/bootstrap.min.css HTTP/1.1" 304 -
0:0:0:0:0:0:0:1 - - [01/Dec/2015:11:15:23 -0500] "GET /fonts/fontawesome-webfont.woff?v=4.1.0 HTTP/1.1" 200 83760
0:0:0:0:0:0:0:1 - - [01/Dec/2015:11:15:31 -0500] "POST /login HTTP/1.1" 302 -
0:0:0:0:0:0:0:1 - - [01/Dec/2015:11:15:31 -0500] "GET /login?error HTTP/1.1" 200 2272
0:0:0:0:0:0:0:1 - - [01/Dec/2015:11:15:31 -0500] "GET /css/font-awesome.min.css HTTP/1.1" 304 -
0:0:0:0:0:0:0:1 - - [01/Dec/2015:11:15:31 -0500] "GET /css/bootstrap.min.css HTTP/1.1" 304 -
0:0:0:0:0:0:0:1 - - [01/Dec/2015:11:15:31 -0500] "GET /css/ui.fancytree.css HTTP/1.1" 304 -
0:0:0:0:0:0:0:1 - - [01/Dec/2015:11:15:31 -0500] "GET /css/octicons/octicons.css HTTP/1.1" 304 -
0:0:0:0:0:0:0:1 - - [01/Dec/2015:11:15:31 -0500] "GET /css/style.css HTTP/1.1" 304 -
0:0:0:0:0:0:0:1 - - [01/Dec/2015:11:15:31 -0500] "GET /css/prettify/prettify.css HTTP/1.1" 304 -
0:0:0:0:0:0:0:1 - - [01/Dec/2015:11:15:31 -0500] "GET /fonts/fontawesome-webfont.woff?v=4.1.0 HTTP/1.1" 200 83760
0:0:0:0:0:0:0:1 - - [01/Dec/2015:11:15:41 -0500] "POST /login HTTP/1.1" 302 -
0:0:0:0:0:0:0:1 - - [01/Dec/2015:11:15:41 -0500] "GET /login?error HTTP/1.1" 200 2272
0:0:0:0:0:0:0:1 - - [01/Dec/2015:11:15:41 -0500] "GET /fonts/fontawesome-webfont.woff?v=4.1.0 HTTP/1.1" 200 83760
0:0:0:0:0:0:0:1 - - [01/Dec/2015:11:17:52 -0500] "POST /login HTTP/1.1" 302 -
0:0:0:0:0:0:0:1 - - [01/Dec/2015:11:17:52 -0500] "GET /login?error HTTP/1.1" 200 2272
0:0:0:0:0:0:0:1 - - [01/Dec/2015:11:17:52 -0500] "GET /css/font-awesome.min.css HTTP/1.1" 304 -
0:0:0:0:0:0:0:1 - - [01/Dec/2015:11:17:52 -0500] "GET /css/bootstrap.min.css HTTP/1.1" 304 -
0:0:0:0:0:0:0:1 - - [01/Dec/2015:11:17:52 -0500] "GET /css/prettify/prettify.css HTTP/1.1" 304 -
0:0:0:0:0:0:0:1 - - [01/Dec/2015:11:17:52 -0500] "GET /css/style.css HTTP/1.1" 304 -
0:0:0:0:0:0:0:1 - - [01/Dec/2015:11:17:52 -0500] "GET /css/ui.fancytree.css HTTP/1.1" 304 -
0:0:0:0:0:0:0:1 - - [01/Dec/2015:11:17:52 -0500] "GET /css/octicons/octicons.css HTTP/1.1" 304 -
0:0:0:0:0:0:0:1 - - [01/Dec/2015:11:17:52 -0500] "GET /fonts/fontawesome-webfont.woff?v=4.1.0 HTTP/1.1" 200 83760
0:0:0:0:0:0:0:1 - - [01/Dec/2015:11:19:17 -0500] "POST /login HTTP/1.1" 302 -
0:0:0:0:0:0:0:1 - - [01/Dec/2015:11:19:18 -0500] "GET /css/selectize.default.css HTTP/1.1" 200 11485
0:0:0:0:0:0:0:1 - - [01/Dec/2015:11:19:18 -0500] "GET /css/jquery.mCustomScrollbar.min.css HTTP/1.1" 200 43184
0:0:0:0:0:0:0:1 - - [01/Dec/2015:11:19:18 -0500] "GET /css/codemirror.css HTTP/1.1" 200 7534
0:0:0:0:0:0:0:1 - - [01/Dec/2015:11:19:18 -0500] "GET / HTTP/1.1" 200 75791
0:0:0:0:0:0:0:1 - - [01/Dec/2015:11:19:18 -0500] "GET /fonts/glyphicons-halflings-regular.woff HTTP/1.1" 200 23424
0:0:0:0:0:0:0:1 - - [01/Dec/2015:11:19:18 -0500] "GET /fonts/fontawesome-webfont.woff?v=4.1.0 HTTP/1.1" 200 83760
0:0:0:0:0:0:0:1 - - [01/Dec/2015:11:19:18 -0500] "GET /js/libs/require/require.js HTTP/1.1" 200 15219
0:0:0:0:0:0:0:1 - - [01/Dec/2015:11:19:18 -0500] "GET /js/main.js HTTP/1.1" 200 1012
0:0:0:0:0:0:0:1 - - [01/Dec/2015:11:19:18 -0500] "GET /js/app.js HTTP/1.1" 200 364
0:0:0:0:0:0:0:1 - - [01/Dec/2015:11:19:18 -0500] "GET /js/libs/jquery-2.1.4.min.js HTTP/1.1" 200 84345
0:0:0:0:0:0:0:1 - - [01/Dec/2015:11:19:18 -0500] "GET /js/commons/ns.js HTTP/1.1" 200 360
0:0:0:0:0:0:0:1 - - [01/Dec/2015:11:19:18 -0500] "GET /js/routers/app-router.js HTTP/1.1" 200 5115
0:0:0:0:0:0:0:1 - - [01/Dec/2015:11:19:18 -0500] "GET /js/commons/config.js HTTP/1.1" 200 266
0:0:0:0:0:0:0:1 - - [01/Dec/2015:11:19:18 -0500] "GET /js/views/app-view.js HTTP/1.1" 200 4310
0:0:0:0:0:0:0:1 - - [01/Dec/2015:11:19:18 -0500] "GET /js/libs/underscore-min.js HTTP/1.1" 200 14682
0:0:0:0:0:0:0:1 - - [01/Dec/2015:11:19:18 -0500] "GET /js/libs/backbone-min.js HTTP/1.1" 200 19999
0:0:0:0:0:0:0:1 - - [01/Dec/2015:11:19:18 -0500] "GET /js/views/star-view.js HTTP/1.1" 200 8226
0:0:0:0:0:0:0:1 - - [01/Dec/2015:11:19:18 -0500] "GET /js/events/project-event.js HTTP/1.1" 200 275
0:0:0:0:0:0:0:1 - - [01/Dec/2015:11:19:18 -0500] "GET /js/views/tree-view.js HTTP/1.1" 200 44072
0:0:0:0:0:0:0:1 - - [01/Dec/2015:11:19:18 -0500] "GET /js/models/workspace.js HTTP/1.1" 200 559
0:0:0:0:0:0:0:1 - - [01/Dec/2015:11:19:18 -0500] "GET /js/views/workspace-view.js HTTP/1.1" 200 7472
0:0:0:0:0:0:0:1 - - [01/Dec/2015:11:19:18 -0500] "GET /js/views/tagged-node-view.js HTTP/1.1" 200 4334
0:0:0:0:0:0:0:1 - - [01/Dec/2015:11:19:18 -0500] "GET /js/libs/jquery-ui.min.js HTTP/1.1" 200 228539
0:0:0:0:0:0:0:1 - - [01/Dec/2015:11:19:18 -0500] "GET /js/views/main-menu-view.js HTTP/1.1" 200 18273
0:0:0:0:0:0:0:1 - - [01/Dec/2015:11:19:18 -0500] "GET /js/views/user-view.js HTTP/1.1" 200 3113
0:0:0:0:0:0:0:1 - - [01/Dec/2015:11:19:18 -0500] "GET /js/views/tag-view.js HTTP/1.1" 200 3066
0:0:0:0:0:0:0:1 - - [01/Dec/2015:11:19:18 -0500] "GET /js/views/tags-view.js HTTP/1.1" 200 4015
0:0:0:0:0:0:0:1 - - [01/Dec/2015:11:19:18 -0500] "GET /js/views/conversation-view.js HTTP/1.1" 200 31962
0:0:0:0:0:0:0:1 - - [01/Dec/2015:11:19:18 -0500] "GET /js/views/project-runner-view.js HTTP/1.1" 200 1233
0:0:0:0:0:0:0:1 - - [01/Dec/2015:11:19:18 -0500] "GET /js/views/socket-connector-view.js HTTP/1.1" 200 2315
0:0:0:0:0:0:0:1 - - [01/Dec/2015:11:19:18 -0500] "GET /js/views/entity-view.js HTTP/1.1" 200 1112
0:0:0:0:0:0:0:1 - - [01/Dec/2015:11:19:18 -0500] "GET /js/views/environment-view.js HTTP/1.1" 200 9346
0:0:0:0:0:0:0:1 - - [01/Dec/2015:11:19:18 -0500] "GET /js/views/history-view.js HTTP/1.1" 200 5259
0:0:0:0:0:0:0:1 - - [01/Dec/2015:11:19:18 -0500] "GET /js/events/workspace-event.js HTTP/1.1" 200 661
0:0:0:0:0:0:0:1 - - [01/Dec/2015:11:19:18 -0500] "GET /js/events/conversation-event.js HTTP/1.1" 200 302
0:0:0:0:0:0:0:1 - - [01/Dec/2015:11:19:18 -0500] "GET /js/events/user-event.js HTTP/1.1" 200 475
0:0:0:0:0:0:0:1 - - [01/Dec/2015:11:19:18 -0500] "GET /js/events/tag-event.js HTTP/1.1" 200 502
0:0:0:0:0:0:0:1 - - [01/Dec/2015:11:19:18 -0500] "GET /js/events/star-event.js HTTP/1.1" 200 731
0:0:0:0:0:0:0:1 - - [01/Dec/2015:11:19:18 -0500] "GET /js/collections/users.js HTTP/1.1" 200 290
0:0:0:0:0:0:0:1 - - [01/Dec/2015:11:19:18 -0500] "GET /js/collections/tags.js HTTP/1.1" 200 430
0:0:0:0:0:0:0:1 - - [01/Dec/2015:11:19:18 -0500] "GET /js/collections/environments.js HTTP/1.1" 200 332
0:0:0:0:0:0:0:1 - - [01/Dec/2015:11:19:18 -0500] "GET /js/collections/workspaces.js HTTP/1.1" 200 306
0:0:0:0:0:0:0:1 - - [01/Dec/2015:11:19:18 -0500] "GET /js/libs/bootpag.min.js HTTP/1.1" 200 2152
0:0:0:0:0:0:0:1 - - [01/Dec/2015:11:19:18 -0500] "GET /js/models/star.js HTTP/1.1" 200 611
0:0:0:0:0:0:0:1 - - [01/Dec/2015:11:19:18 -0500] "GET /js/models/node.js HTTP/1.1" 200 1028
0:0:0:0:0:0:0:1 - - [01/Dec/2015:11:19:18 -0500] "GET /js/models/conversation.js HTTP/1.1" 200 659
0:0:0:0:0:0:0:1 - - [01/Dec/2015:11:19:18 -0500] "GET /js/libs/jquery.validate.js HTTP/1.1" 200 42427
0:0:0:0:0:0:0:1 - - [01/Dec/2015:11:19:18 -0500] "GET /js/libs/jquery.mCustomScrollbar.concat.min.js HTTP/1.1" 200 39193
0:0:0:0:0:0:0:1 - - [01/Dec/2015:11:19:18 -0500] "GET /js/models/entity.js HTTP/1.1" 200 591
0:0:0:0:0:0:0:1 - - [01/Dec/2015:11:19:18 -0500] "GET /js/libs/selectize.min.js HTTP/1.1" 200 39552
0:0:0:0:0:0:0:1 - - [01/Dec/2015:11:19:18 -0500] "GET /js/models/project.js HTTP/1.1" 200 659
0:0:0:0:0:0:0:1 - - [01/Dec/2015:11:19:18 -0500] "GET /js/models/tag.js HTTP/1.1" 200 606
0:0:0:0:0:0:0:1 - - [01/Dec/2015:11:19:18 -0500] "GET /js/views/project-view.js HTTP/1.1" 200 3659
0:0:0:0:0:0:0:1 - - [01/Dec/2015:11:19:18 -0500] "GET /js/libs/jquery.fancytree-all.min.js HTTP/1.1" 200 82348
0:0:0:0:0:0:0:1 - - [01/Dec/2015:11:19:18 -0500] "GET /js/libs/bootstrap.min.js HTTP/1.1" 200 35951
0:0:0:0:0:0:0:1 - - [01/Dec/2015:11:19:19 -0500] "GET /js/models/user.js HTTP/1.1" 200 556
0:0:0:0:0:0:0:1 - - [01/Dec/2015:11:19:19 -0500] "GET /js/views/assert-view.js HTTP/1.1" 200 3419
0:0:0:0:0:0:0:1 - - [01/Dec/2015:11:19:19 -0500] "GET /js/libs/prettify/prettify.js HTTP/1.1" 200 14551
0:0:0:0:0:0:0:1 - - [01/Dec/2015:11:19:19 -0500] "GET /js/codemirror/lib/codemirror.js HTTP/1.1" 200 317123
0:0:0:0:0:0:0:1 - - [01/Dec/2015:11:19:19 -0500] "GET /js/codemirror/mode/javascript/javascript.js HTTP/1.1" 200 26092
0:0:0:0:0:0:0:1 - - [01/Dec/2015:11:19:19 -0500] "GET /js/models/environment.js HTTP/1.1" 200 417
0:0:0:0:0:0:0:1 - - [01/Dec/2015:11:19:19 -0500] "GET /js/libs/moment.js HTTP/1.1" 200 99200
0:0:0:0:0:0:0:1 - - [01/Dec/2015:11:19:19 -0500] "GET /js/libs/typeahead.bundle.min.js HTTP/1.1" 200 39746
0:0:0:0:0:0:0:1 - - [01/Dec/2015:11:19:19 -0500] "GET /api/environments HTTP/1.1" 200 13
0:0:0:0:0:0:0:1 - - [01/Dec/2015:11:19:19 -0500] "GET /api/users HTTP/1.1" 200 1101
0:0:0:0:0:0:0:1 - - [01/Dec/2015:11:19:19 -0500] "GET /api/workspaces HTTP/1.1" 200 7064
0:0:0:0:0:0:0:1 - - [01/Dec/2015:11:19:19 -0500] "GET /api/workspaces/565c92ccf4930c41f3751350 HTTP/1.1" 200 3310
0:0:0:0:0:0:0:1 - - [01/Dec/2015:11:19:19 -0500] "GET /api/workspaces/565c92ccf4930c41f3751350/tags HTTP/1.1" 200 553
0:0:0:0:0:0:0:1 - - [01/Dec/2015:11:19:19 -0500] "GET /api/workspaces/565c92ccf4930c41f3751350 HTTP/1.1" 200 3310
0:0:0:0:0:0:0:1 - - [01/Dec/2015:11:19:19 -0500] "GET /api/workspaces/565c92ccf4930c41f3751350/tags HTTP/1.1" 200 553
0:0:0:0:0:0:0:1 - - [01/Dec/2015:11:19:19 -0500] "GET /api/workspaces/565c92ccf4930c41f3751350 HTTP/1.1" 200 3310
0:0:0:0:0:0:0:1 - - [01/Dec/2015:11:19:19 -0500] "GET /api/workspaces/565c92ccf4930c41f3751350/projects/565c92ccf4930c41f3751353 HTTP/1.1" 200 757
0:0:0:0:0:0:0:1 - - [01/Dec/2015:11:19:19 -0500] "GET /api/nodes/565c92ccf4930c41f3751352/tree HTTP/1.1" 200 16421
0:0:0:0:0:0:0:1 - - [01/Dec/2015:11:19:26 -0500] "POST /api/entities/ HTTP/1.1" 500 847
0:0:0:0:0:0:0:1 - - [01/Dec/2015:11:19:27 -0500] "POST /api/entities/ HTTP/1.1" 500 355
0:0:0:0:0:0:0:1 - - [01/Dec/2015:11:19:58 -0500] "POST /api/entities/ HTTP/1.1" 500 962
0:0:0:0:0:0:0:1 - - [01/Dec/2015:11:19:58 -0500] "POST /api/entities/ HTTP/1.1" 500 962
0:0:0:0:0:0:0:1 - - [01/Dec/2015:11:19:58 -0500] "POST /api/entities/ HTTP/1.1" 500 962
0:0:0:0:0:0:0:1 - - [01/Dec/2015:11:19:59 -0500] "POST /api/entities/ HTTP/1.1" 500 962
0:0:0:0:0:0:0:1 - - [01/Dec/2015:11:19:59 -0500] "POST /api/entities/ HTTP/1.1" 500 962
0:0:0:0:0:0:0:1 - - [01/Dec/2015:11:20:00 -0500] "POST /api/entities/ HTTP/1.1" 500 962
0:0:0:0:0:0:0:1 - - [01/Dec/2015:11:20:28 -0500] "POST /api/entities/ HTTP/1.1" 500 962
0:0:0:0:0:0:0:1 - - [01/Dec/2015:11:20:28 -0500] "POST /api/entities/ HTTP/1.1" 500 962
0:0:0:0:0:0:0:1 - - [01/Dec/2015:11:20:28 -0500] "POST /api/entities/ HTTP/1.1" 500 962
0:0:0:0:0:0:0:1 - - [01/Dec/2015:11:20:29 -0500] "POST /api/entities/ HTTP/1.1" 500 962
0:0:0:0:0:0:0:1 - - [01/Dec/2015:11:20:29 -0500] "POST /api/entities/ HTTP/1.1" 500 962
0:0:0:0:0:0:0:1 - - [01/Dec/2015:11:20:30 -0500] "POST /api/entities/ HTTP/1.1" 500 962
0:0:0:0:0:0:0:1 - - [01/Dec/2015:11:20:58 -0500] "POST /api/entities/ HTTP/1.1" 500 962
0:0:0:0:0:0:0:1 - - [01/Dec/2015:11:20:58 -0500] "POST /api/entities/ HTTP/1.1" 500 962
0:0:0:0:0:0:0:1 - - [01/Dec/2015:11:20:59 -0500] "POST /api/entities/ HTTP/1.1" 500 962
0:0:0:0:0:0:0:1 - - [01/Dec/2015:11:20:59 -0500] "POST /api/entities/ HTTP/1.1" 500 962
0:0:0:0:0:0:0:1 - - [01/Dec/2015:12:44:48 -0500] "GET / HTTP/1.1" 302 -
0:0:0:0:0:0:0:1 - - [01/Dec/2015:12:44:48 -0500] "GET /login HTTP/1.1" 200 2272
0:0:0:0:0:0:0:1 - - [01/Dec/2015:12:44:48 -0500] "GET /css/font-awesome.min.css HTTP/1.1" 304 -
0:0:0:0:0:0:0:1 - - [01/Dec/2015:12:44:48 -0500] "GET /css/bootstrap.min.css HTTP/1.1" 200 117305
0:0:0:0:0:0:0:1 - - [01/Dec/2015:12:44:48 -0500] "GET /css/ui.fancytree.css HTTP/1.1" 304 -
0:0:0:0:0:0:0:1 - - [01/Dec/2015:12:44:48 -0500] "GET /css/prettify/prettify.css HTTP/1.1" 304 -
0:0:0:0:0:0:0:1 - - [01/Dec/2015:12:44:48 -0500] "GET /css/style.css HTTP/1.1" 304 -
0:0:0:0:0:0:0:1 - - [01/Dec/2015:12:44:48 -0500] "GET /css/octicons/octicons.css HTTP/1.1" 304 -
0:0:0:0:0:0:0:1 - - [01/Dec/2015:12:44:49 -0500] "GET /fonts/fontawesome-webfont.woff?v=4.1.0 HTTP/1.1" 200 83760
0:0:0:0:0:0:0:1 - - [01/Dec/2015:12:44:55 -0500] "POST /login HTTP/1.1" 302 -
0:0:0:0:0:0:0:1 - - [01/Dec/2015:12:44:55 -0500] "GET / HTTP/1.1" 200 75791
0:0:0:0:0:0:0:1 - - [01/Dec/2015:12:44:55 -0500] "GET /css/font-awesome.min.css HTTP/1.1" 304 -
0:0:0:0:0:0:0:1 - - [01/Dec/2015:12:44:55 -0500] "GET /css/octicons/octicons.css HTTP/1.1" 304 -
0:0:0:0:0:0:0:1 - - [01/Dec/2015:12:44:55 -0500] "GET /css/jquery.mCustomScrollbar.min.css HTTP/1.1" 304 -
0:0:0:0:0:0:0:1 - - [01/Dec/2015:12:44:55 -0500] "GET /css/ui.fancytree.css HTTP/1.1" 304 -
0:0:0:0:0:0:0:1 - - [01/Dec/2015:12:44:55 -0500] "GET /css/codemirror.css HTTP/1.1" 304 -
0:0:0:0:0:0:0:1 - - [01/Dec/2015:12:44:55 -0500] "GET /css/selectize.default.css HTTP/1.1" 200 11485
0:0:0:0:0:0:0:1 - - [01/Dec/2015:12:44:55 -0500] "GET /css/prettify/prettify.css HTTP/1.1" 304 -
0:0:0:0:0:0:0:1 - - [01/Dec/2015:12:44:55 -0500] "GET /js/libs/require/require.js HTTP/1.1" 200 15219
0:0:0:0:0:0:0:1 - - [01/Dec/2015:12:44:55 -0500] "GET /css/style.css HTTP/1.1" 304 -
0:0:0:0:0:0:0:1 - - [01/Dec/2015:12:44:55 -0500] "GET /js/main.js HTTP/1.1" 304 -
0:0:0:0:0:0:0:1 - - [01/Dec/2015:12:44:55 -0500] "GET /fonts/fontawesome-webfont.woff?v=4.1.0 HTTP/1.1" 200 83760
0:0:0:0:0:0:0:1 - - [01/Dec/2015:12:44:55 -0500] "GET /js/app.js HTTP/1.1" 200 364
0:0:0:0:0:0:0:1 - - [01/Dec/2015:12:44:55 -0500] "GET /fonts/glyphicons-halflings-regular.woff HTTP/1.1" 200 23424
0:0:0:0:0:0:0:1 - - [01/Dec/2015:12:44:55 -0500] "GET /js/libs/jquery-2.1.4.min.js HTTP/1.1" 200 84345
0:0:0:0:0:0:0:1 - - [01/Dec/2015:12:44:55 -0500] "GET /js/commons/ns.js HTTP/1.1" 304 -
0:0:0:0:0:0:0:1 - - [01/Dec/2015:12:44:55 -0500] "GET /js/routers/app-router.js HTTP/1.1" 304 -
0:0:0:0:0:0:0:1 - - [01/Dec/2015:12:44:55 -0500] "GET /js/commons/config.js HTTP/1.1" 304 -
0:0:0:0:0:0:0:1 - - [01/Dec/2015:12:44:55 -0500] "GET /js/views/app-view.js HTTP/1.1" 200 4310
0:0:0:0:0:0:0:1 - - [01/Dec/2015:12:44:55 -0500] "GET /js/libs/underscore-min.js HTTP/1.1" 200 14682
0:0:0:0:0:0:0:1 - - [01/Dec/2015:12:44:55 -0500] "GET /js/libs/backbone-min.js HTTP/1.1" 304 -
0:0:0:0:0:0:0:1 - - [01/Dec/2015:12:44:55 -0500] "GET /js/libs/jquery-ui.min.js HTTP/1.1" 304 -
0:0:0:0:0:0:0:1 - - [01/Dec/2015:12:44:55 -0500] "GET /js/views/star-view.js HTTP/1.1" 200 8226
0:0:0:0:0:0:0:1 - - [01/Dec/2015:12:44:55 -0500] "GET /js/views/tree-view.js HTTP/1.1" 200 44072
0:0:0:0:0:0:0:1 - - [01/Dec/2015:12:44:55 -0500] "GET /js/events/project-event.js HTTP/1.1" 304 -
0:0:0:0:0:0:0:1 - - [01/Dec/2015:12:44:55 -0500] "GET /js/models/workspace.js HTTP/1.1" 200 559
0:0:0:0:0:0:0:1 - - [01/Dec/2015:12:44:55 -0500] "GET /js/views/tagged-node-view.js HTTP/1.1" 304 -
0:0:0:0:0:0:0:1 - - [01/Dec/2015:12:44:55 -0500] "GET /js/views/workspace-view.js HTTP/1.1" 304 -
0:0:0:0:0:0:0:1 - - [01/Dec/2015:12:44:56 -0500] "GET /js/views/main-menu-view.js HTTP/1.1" 304 -
0:0:0:0:0:0:0:1 - - [01/Dec/2015:12:44:56 -0500] "GET /js/views/user-view.js HTTP/1.1" 200 3113
0:0:0:0:0:0:0:1 - - [01/Dec/2015:12:44:56 -0500] "GET /js/views/environment-view.js HTTP/1.1" 200 9346
0:0:0:0:0:0:0:1 - - [01/Dec/2015:12:44:56 -0500] "GET /js/views/project-runner-view.js HTTP/1.1" 304 -
0:0:0:0:0:0:0:1 - - [01/Dec/2015:12:44:56 -0500] "GET /js/views/history-view.js HTTP/1.1" 304 -
0:0:0:0:0:0:0:1 - - [01/Dec/2015:12:44:56 -0500] "GET /js/events/workspace-event.js HTTP/1.1" 304 -
0:0:0:0:0:0:0:1 - - [01/Dec/2015:12:44:56 -0500] "GET /js/views/entity-view.js HTTP/1.1" 304 -
0:0:0:0:0:0:0:1 - - [01/Dec/2015:12:44:56 -0500] "GET /js/views/socket-connector-view.js HTTP/1.1" 200 2315
0:0:0:0:0:0:0:1 - - [01/Dec/2015:12:44:56 -0500] "GET /js/events/conversation-event.js HTTP/1.1" 304 -
0:0:0:0:0:0:0:1 - - [01/Dec/2015:12:44:56 -0500] "GET /js/events/user-event.js HTTP/1.1" 304 -
0:0:0:0:0:0:0:1 - - [01/Dec/2015:12:44:56 -0500] "GET /js/collections/users.js HTTP/1.1" 304 -
0:0:0:0:0:0:0:1 - - [01/Dec/2015:12:44:56 -0500] "GET /js/collections/tags.js HTTP/1.1" 304 -
0:0:0:0:0:0:0:1 - - [01/Dec/2015:12:44:56 -0500] "GET /js/views/conversation-view.js HTTP/1.1" 200 31962
0:0:0:0:0:0:0:1 - - [01/Dec/2015:12:44:56 -0500] "GET /js/views/tag-view.js HTTP/1.1" 304 -
0:0:0:0:0:0:0:1 - - [01/Dec/2015:12:44:56 -0500] "GET /js/views/tags-view.js HTTP/1.1" 304 -
0:0:0:0:0:0:0:1 - - [01/Dec/2015:12:44:56 -0500] "GET /js/events/tag-event.js HTTP/1.1" 304 -
0:0:0:0:0:0:0:1 - - [01/Dec/2015:12:44:56 -0500] "GET /js/events/star-event.js HTTP/1.1" 304 -
0:0:0:0:0:0:0:1 - - [01/Dec/2015:12:44:56 -0500] "GET /js/collections/environments.js HTTP/1.1" 200 332
0:0:0:0:0:0:0:1 - - [01/Dec/2015:12:44:56 -0500] "GET /js/collections/workspaces.js HTTP/1.1" 200 306
0:0:0:0:0:0:0:1 - - [01/Dec/2015:12:44:56 -0500] "GET /js/libs/bootstrap.min.js HTTP/1.1" 304 -
0:0:0:0:0:0:0:1 - - [01/Dec/2015:12:44:56 -0500] "GET /js/libs/bootpag.min.js HTTP/1.1" 200 2152
0:0:0:0:0:0:0:1 - - [01/Dec/2015:12:44:56 -0500] "GET /js/models/star.js HTTP/1.1" 200 611
0:0:0:0:0:0:0:1 - - [01/Dec/2015:12:44:56 -0500] "GET /js/models/node.js HTTP/1.1" 304 -
0:0:0:0:0:0:0:1 - - [01/Dec/2015:12:44:56 -0500] "GET /js/models/conversation.js HTTP/1.1" 304 -
0:0:0:0:0:0:0:1 - - [01/Dec/2015:12:44:56 -0500] "GET /js/libs/jquery.validate.js HTTP/1.1" 200 42427
0:0:0:0:0:0:0:1 - - [01/Dec/2015:12:44:56 -0500] "GET /js/libs/jquery.mCustomScrollbar.concat.min.js HTTP/1.1" 304 -
0:0:0:0:0:0:0:1 - - [01/Dec/2015:12:44:56 -0500] "GET /js/models/entity.js HTTP/1.1" 304 -
0:0:0:0:0:0:0:1 - - [01/Dec/2015:12:44:56 -0500] "GET /js/libs/selectize.min.js HTTP/1.1" 200 39552
0:0:0:0:0:0:0:1 - - [01/Dec/2015:12:44:56 -0500] "GET /js/models/project.js HTTP/1.1" 304 -
0:0:0:0:0:0:0:1 - - [01/Dec/2015:12:44:56 -0500] "GET /js/models/tag.js HTTP/1.1" 304 -
0:0:0:0:0:0:0:1 - - [01/Dec/2015:12:44:56 -0500] "GET /js/views/project-view.js HTTP/1.1" 304 -
0:0:0:0:0:0:0:1 - - [01/Dec/2015:12:44:56 -0500] "GET /js/models/user.js HTTP/1.1" 304 -
0:0:0:0:0:0:0:1 - - [01/Dec/2015:12:44:56 -0500] "GET /js/models/environment.js HTTP/1.1" 200 417
0:0:0:0:0:0:0:1 - - [01/Dec/2015:12:44:56 -0500] "GET /js/libs/moment.js HTTP/1.1" 304 -
0:0:0:0:0:0:0:1 - - [01/Dec/2015:12:44:56 -0500] "GET /js/views/assert-view.js HTTP/1.1" 304 -
0:0:0:0:0:0:0:1 - - [01/Dec/2015:12:44:56 -0500] "GET /js/libs/prettify/prettify.js HTTP/1.1" 200 14551
0:0:0:0:0:0:0:1 - - [01/Dec/2015:12:44:56 -0500] "GET /js/codemirror/lib/codemirror.js HTTP/1.1" 304 -
0:0:0:0:0:0:0:1 - - [01/Dec/2015:12:44:56 -0500] "GET /js/codemirror/mode/javascript/javascript.js HTTP/1.1" 200 26092
0:0:0:0:0:0:0:1 - - [01/Dec/2015:12:44:56 -0500] "GET /js/libs/jquery.fancytree-all.min.js HTTP/1.1" 304 -
0:0:0:0:0:0:0:1 - - [01/Dec/2015:12:44:56 -0500] "GET /js/libs/typeahead.bundle.min.js HTTP/1.1" 200 39746
0:0:0:0:0:0:0:1 - - [01/Dec/2015:12:44:56 -0500] "GET /api/environments HTTP/1.1" 200 13
0:0:0:0:0:0:0:1 - - [01/Dec/2015:12:44:56 -0500] "GET /api/users HTTP/1.1" 200 1104
0:0:0:0:0:0:0:1 - - [01/Dec/2015:12:44:56 -0500] "GET /api/workspaces HTTP/1.1" 200 7064
0:0:0:0:0:0:0:1 - - [01/Dec/2015:12:44:56 -0500] "GET /api/workspaces/565ddc7bf4930c4ef0b8693c/tags HTTP/1.1" 200 553
0:0:0:0:0:0:0:1 - - [01/Dec/2015:12:44:56 -0500] "GET /api/workspaces/565ddc7bf4930c4ef0b8693c HTTP/1.1" 200 3310
0:0:0:0:0:0:0:1 - - [01/Dec/2015:12:44:56 -0500] "GET /api/workspaces/565ddc7bf4930c4ef0b8693c HTTP/1.1" 200 3310
0:0:0:0:0:0:0:1 - - [01/Dec/2015:12:44:56 -0500] "GET /api/workspaces/565ddc7bf4930c4ef0b8693c/tags HTTP/1.1" 200 553
0:0:0:0:0:0:0:1 - - [01/Dec/2015:12:44:56 -0500] "GET /api/workspaces/565ddc7bf4930c4ef0b8693c HTTP/1.1" 200 3310
0:0:0:0:0:0:0:1 - - [01/Dec/2015:12:44:57 -0500] "GET /api/workspaces/565ddc7bf4930c4ef0b8693c/projects/565ddc7bf4930c4ef0b8693f HTTP/1.1" 200 757
0:0:0:0:0:0:0:1 - - [01/Dec/2015:12:44:57 -0500] "GET /api/nodes/565ddc7bf4930c4ef0b8693e/tree HTTP/1.1" 200 3656
0:0:0:0:0:0:0:1 - - [01/Dec/2015:12:45:02 -0500] "POST /api/entities/ HTTP/1.1" 200 301
0:0:0:0:0:0:0:1 - - [01/Dec/2015:12:45:02 -0500] "POST /api/nodes/565ddc7bf4930c4ef0b8693e/children HTTP/1.1" 200 745
0:0:0:0:0:0:0:1 - - [01/Dec/2015:12:45:02 -0500] "GET /api/nodes/565ddc9ef4930c4ef0b86a32 HTTP/1.1" 200 781
0:0:0:0:0:0:0:1 - - [01/Dec/2015:12:45:02 -0500] "GET /api/nodes/565ddc7bf4930c4ef0b8693e/tree HTTP/1.1" 200 6779
0:0:0:0:0:0:0:1 - - [01/Dec/2015:12:45:03 -0500] "GET /api/workspaces/565ddc7bf4930c4ef0b8693c/tags HTTP/1.1" 200 553
